app/build/outputs/logs/manifest-merger-debug-report.txt
-- Merging decision tree log ---
manifest
ADDED from src\main\AndroidManifest.xml:22:1-150:12
	package
		ADDED from src\main\AndroidManifest.xml:23:5-42
		INJECTED from src\main\AndroidManifest.xml
		INJECTED from src\main\AndroidManifest.xml
	xmlns:android
		ADDED from src\main\AndroidManifest.xml:22:11-69
uses-sdk
ADDED from src\main\AndroidManifest.xml:25:5-44
	android:targetSdkVersion
		INJECTED from src\main\AndroidManifest.xml
		INJECTED from src\main\AndroidManifest.xml
	android:minSdkVersion
		ADDED from src\main\AndroidManifest.xml:25:15-41
		INJECTED from src\main\AndroidManifest.xml
		INJECTED from src\main\AndroidManifest.xml
application
ADDED from src\main\AndroidManifest.xml:27:5-143:19
	android:label
		ADDED from src\main\AndroidManifest.xml:28:9-41
	android:icon
		ADDED from src\main\AndroidManifest.xml:27:18-45
provider#com.example.android.notepad.NotePadProvider
ADDED from src\main\AndroidManifest.xml:30:9-34:20
	android:authorities
		ADDED from src\main\AndroidManifest.xml:31:13-62
	android:exported
		ADDED from src\main\AndroidManifest.xml:32:13-37
	android:name
		ADDED from src\main\AndroidManifest.xml:30:19-49
grant-uri-permission
ADDED from src\main\AndroidManifest.xml:33:13-62
	android:pathPattern
		ADDED from src\main\AndroidManifest.xml:33:35-59
activity#com.example.android.notepad.NotesList
ADDED from src\main\AndroidManifest.xml:36:9-54:20
	android:label
		ADDED from src\main\AndroidManifest.xml:36:44-84
	android:theme
		ADDED from src\main\AndroidManifest.xml:37:13-60
	android:name
		ADDED from src\main\AndroidManifest.xml:36:19-43
intent-filter#android.intent.action.MAIN+android.intent.category.LAUNCHER
ADDED from src\main\AndroidManifest.xml:38:13-41:29
action#android.intent.action.MAIN
ADDED from src\main\AndroidManifest.xml:39:17-69
	android:name
		ADDED from src\main\AndroidManifest.xml:39:25-66
category#android.intent.category.LAUNCHER
ADDED from src\main\AndroidManifest.xml:40:17-77
	android:name
		ADDED from src\main\AndroidManifest.xml:40:27-74
intent-filter#android.intent.action.EDIT+android.intent.action.PICK+android.intent.action.VIEW+android.intent.category.DEFAULT
ADDED from src\main\AndroidManifest.xml:42:13-48:29
action#android.intent.action.VIEW
ADDED from src\main\AndroidManifest.xml:43:17-69
	android:name
		ADDED from src\main\AndroidManifest.xml:43:25-66
action#android.intent.action.EDIT
ADDED from src\main\AndroidManifest.xml:44:17-69
	android:name
		ADDED from src\main\AndroidManifest.xml:44:25-66
action#android.intent.action.PICK
ADDED from src\main\AndroidManifest.xml:45:17-69
	android:name
		ADDED from src\main\AndroidManifest.xml:45:25-66
category#android.intent.category.DEFAULT
ADDED from src\main\AndroidManifest.xml:46:17-76
	android:name
		ADDED from src\main\AndroidManifest.xml:46:27-73
data
ADDED from src\main\AndroidManifest.xml:47:17-83
	android:mimeType
		ADDED from src\main\AndroidManifest.xml:47:23-80
intent-filter#android.intent.action.GET_CONTENT+android.intent.category.DEFAULT
ADDED from src\main\AndroidManifest.xml:49:13-53:29
action#android.intent.action.GET_CONTENT
ADDED from src\main\AndroidManifest.xml:50:17-76
	android:name
		ADDED from src\main\AndroidManifest.xml:50:25-73
activity#com.example.android.notepad.NoteEditor
ADDED from src\main\AndroidManifest.xml:57:9-85:20
	android:screenOrientation
		ADDED from src\main\AndroidManifest.xml:59:13-47
	android:configChanges
		ADDED from src\main\AndroidManifest.xml:60:13-63
	android:theme
		ADDED from src\main\AndroidManifest.xml:58:13-60
	android:name
		ADDED from src\main\AndroidManifest.xml:57:19-44
intent-filter#android.intent.action.EDIT+android.intent.action.VIEW+android.intent.category.DEFAULT+com.android.notepad.action.EDIT_NOTE
ADDED from src\main\AndroidManifest.xml:64:13-70:29
	android:label
		ADDED from src\main\AndroidManifest.xml:64:28-64
action#com.android.notepad.action.EDIT_NOTE
ADDED from src\main\AndroidManifest.xml:67:17-79
	android:name
		ADDED from src\main\AndroidManifest.xml:67:25-76
intent-filter#android.intent.action.INSERT+android.intent.action.PASTE+android.intent.category.DEFAULT
ADDED from src\main\AndroidManifest.xml:76:13-81:29
action#android.intent.action.INSERT
ADDED from src\main\AndroidManifest.xml:77:17-71
	android:name
		ADDED from src\main\AndroidManifest.xml:77:25-68
action#android.intent.action.PASTE
ADDED from src\main\AndroidManifest.xml:78:17-70
	android:name
		ADDED from src\main\AndroidManifest.xml:78:25-67
activity#com.example.android.notepad.TitleEditor
ADDED from src\main\AndroidManifest.xml:88:9-113:20
	android:label
		ADDED from src\main\AndroidManifest.xml:89:13-53
	android:windowSoftInputMode
		ADDED from src\main\AndroidManifest.xml:92:13-55
	android:icon
		ADDED from src\main\AndroidManifest.xml:90:13-40
	android:theme
		ADDED from src\main\AndroidManifest.xml:91:13-61
	android:name
		ADDED from src\main\AndroidManifest.xml:88:19-45
intent-filter#android.intent.category.ALTERNATIVE+android.intent.category.DEFAULT+android.intent.category.SELECTED_ALTERNATIVE+com.android.notepad.action.EDIT_TITLE
ADDED from src\main\AndroidManifest.xml:97:13-112:29
	android:label
		ADDED from src\main\AndroidManifest.xml:97:28-65
action#com.android.notepad.action.EDIT_TITLE
ADDED from src\main\AndroidManifest.xml:101:17-80
	android:name
		ADDED from src\main\AndroidManifest.xml:101:25-77
category#android.intent.category.ALTERNATIVE
ADDED from src\main\AndroidManifest.xml:106:17-80
	android:name
		ADDED from src\main\AndroidManifest.xml:106:27-77
category#android.intent.category.SELECTED_ALTERNATIVE
ADDED from src\main\AndroidManifest.xml:109:17-89
	android:name
		ADDED from src\main\AndroidManifest.xml:109:27-86
activity#com.example.android.notepad.NotesLiveFolder
ADDED from src\main\AndroidManifest.xml:115:9-121:20
	android:label
		ADDED from src\main\AndroidManifest.xml:115:50-90
	android:icon
		ADDED from src\main\AndroidManifest.xml:116:13-40
	android:name
		ADDED from src\main\AndroidManifest.xml:115:19-49
intent-filter#android.intent.action.CREATE_LIVE_FOLDER+android.intent.category.DEFAULT
ADDED from src\main\AndroidManifest.xml:117:13-120:29
action#android.intent.action.CREATE_LIVE_FOLDER
ADDED from src\main\AndroidManifest.xml:118:17-83
	android:name
		ADDED from src\main\AndroidManifest.xml:118:25-80
activity#com.example.android.notepad.NoteSearch
ADDED from src\main\AndroidManifest.xml:124:9-128:20
	android:label
		ADDED from src\main\AndroidManifest.xml:126:13-55
	android:theme
		ADDED from src\main\AndroidManifest.xml:127:13-60
	android:name
		ADDED from src\main\AndroidManifest.xml:125:13-38
activity#com.example.android.notepad.OutputText
ADDED from src\main\AndroidManifest.xml:131:9-135:20
	android:label
		ADDED from src\main\AndroidManifest.xml:132:13-48
	android:windowSoftInputMode
		ADDED from src\main\AndroidManifest.xml:134:13-55
	android:theme
		ADDED from src\main\AndroidManifest.xml:133:13-61
	android:name
		ADDED from src\main\AndroidManifest.xml:131:19-44
activity#com.example.android.notepad.NoteColor
ADDED from src\main\AndroidManifest.xml:138:9-141:57
	android:label
		ADDED from src\main\AndroidManifest.xml:140:13-40
	android:windowSoftInputMode
		ADDED from src\main\AndroidManifest.xml:141:13-55
	android:theme
		ADDED from src\main\AndroidManifest.xml:139:13-67
	android:name
		ADDED from src\main\AndroidManifest.xml:138:19-43
uses-permission#android.permission.MOUNT_UNMOUNT_FILESYSTEMS
ADDED from src\main\AndroidManifest.xml:146:5-83
	android:name
		ADDED from src\main\AndroidManifest.xml:146:22-81
uses-permission#android.permission.WRITE_EXTERNAL_STORAGE
ADDED from src\main\AndroidManifest.xml:148:5-80
	android:name
		ADDED from src\main\AndroidManifest.xml:148:22-78